
*** Running vivado
    with args -log Multiply_mult_gen_0_0.vds -m64 -product Vivado -mode batch -messageDb vivado.pb -notrace -source Multiply_mult_gen_0_0.tcl


****** Vivado v2018.2 (64-bit)
  **** SW Build 2258646 on Thu Jun 14 20:03:12 MDT 2018
  **** IP Build 2256618 on Thu Jun 14 22:10:49 MDT 2018
    ** Copyright 1986-2018 Xilinx, Inc. All Rights Reserved.

source Multiply_mult_gen_0_0.tcl -notrace
Command: synth_design -top Multiply_mult_gen_0_0 -part xc7a100tcsg324-1 -mode out_of_context
Starting synth_design
WARNING: [Vivado_Tcl 4-393] The 'Synthesis' target of the following IPs are stale, please generate the output products using the generate_target or synth_ip command before running synth_design.
G:/Vivado/CPU/CPU.srcs/sources_1/bd/Multiply/ip/Multiply_mult_gen_0_0/Multiply_mult_gen_0_0.xci

INFO: [IP_Flow 19-2162] IP 'Multiply_mult_gen_0_0' is locked:
* IP definition 'Multiplier (12.0)' for IP 'Multiply_mult_gen_0_0' (customized with software release 2017.4) has a different revision in the IP Catalog.
* Current project part 'xc7a100tcsg324-1' and the part 'xc7z020clg400-2' used to customize the IP 'Multiply_mult_gen_0_0' do not match.
Please select 'Report IP Status' from the 'Tools/Report' menu or run Tcl command 'report_ip_status' for more information.
Attempting to get a license for feature 'Synthesis' and/or device 'xc7a100t'
INFO: [Common 17-349] Got license for feature 'Synthesis' and/or device 'xc7a100t'
INFO: Launching helper process for spawning children vivado processes
INFO: Helper process launched with PID 6128 
---------------------------------------------------------------------------------
Starting RTL Elaboration : Time (s): cpu = 00:00:04 ; elapsed = 00:00:06 . Memory (MB): peak = 444.723 ; gain = 99.273
---------------------------------------------------------------------------------
INFO: [Synth 8-638] synthesizing module 'Multiply_mult_gen_0_0' [g:/Vivado/CPU/CPU.srcs/sources_1/bd/Multiply/ip/Multiply_mult_gen_0_0/synth/Multiply_mult_gen_0_0.vhd:68]
WARNING: [Synth 8-5640] Port 'zero_detect' is missing in component declaration [g:/Vivado/CPU/CPU.srcs/sources_1/bd/Multiply/ip/Multiply_mult_gen_0_0/synth/Multiply_mult_gen_0_0.vhd:71]
WARNING: [Synth 8-5640] Port 'pcasc' is missing in component declaration [g:/Vivado/CPU/CPU.srcs/sources_1/bd/Multiply/ip/Multiply_mult_gen_0_0/synth/Multiply_mult_gen_0_0.vhd:71]
	Parameter C_VERBOSITY bound to: 0 - type: integer 
	Parameter C_MODEL_TYPE bound to: 0 - type: integer 
	Parameter C_OPTIMIZE_GOAL bound to: 1 - type: integer 
	Parameter C_XDEVICEFAMILY bound to: zynq - type: string 
	Parameter C_HAS_CE bound to: 0 - type: integer 
	Parameter C_HAS_SCLR bound to: 0 - type: integer 
	Parameter C_LATENCY bound to: 1 - type: integer 
	Parameter C_A_WIDTH bound to: 16 - type: integer 
	Parameter C_A_TYPE bound to: 0 - type: integer 
	Parameter C_B_WIDTH bound to: 16 - type: integer 
	Parameter C_B_TYPE bound to: 0 - type: integer 
	Parameter C_OUT_HIGH bound to: 15 - type: integer 
	Parameter C_OUT_LOW bound to: 0 - type: integer 
	Parameter C_MULT_TYPE bound to: 1 - type: integer 
	Parameter C_CE_OVERRIDES_SCLR bound to: 0 - type: integer 
	Parameter C_CCM_IMP bound to: 0 - type: integer 
	Parameter C_B_VALUE bound to: 10000001 - type: string 
	Parameter C_HAS_ZERO_DETECT bound to: 0 - type: integer 
	Parameter C_ROUND_OUTPUT bound to: 0 - type: integer 
	Parameter C_ROUND_PT bound to: 0 - type: integer 
INFO: [Synth 8-3491] module 'mult_gen_v12_0_13' declared at 'g:/Vivado/CPU/CPU.srcs/sources_1/bd/Multiply/ipshared/257f/hdl/mult_gen_v12_0_vh_rfs.vhd:21013' bound to instance 'U0' of component 'mult_gen_v12_0_13' [g:/Vivado/CPU/CPU.srcs/sources_1/bd/Multiply/ip/Multiply_mult_gen_0_0/synth/Multiply_mult_gen_0_0.vhd:120]
WARNING: [Synth 8-5974] attribute "use_dsp48" has been deprecated, please use "use_dsp" instead 
INFO: [Synth 8-256] done synthesizing module 'Multiply_mult_gen_0_0' (6#1) [g:/Vivado/CPU/CPU.srcs/sources_1/bd/Multiply/ip/Multiply_mult_gen_0_0/synth/Multiply_mult_gen_0_0.vhd:68]
WARNING: [Synth 8-3331] design delay_line has unconnected port CLK
WARNING: [Synth 8-3331] design delay_line has unconnected port CE
WARNING: [Synth 8-3331] design delay_line has unconnected port SCLR
WARNING: [Synth 8-3331] design dsp has unconnected port C_PORT[47]
WARNING: [Synth 8-3331] design dsp has unconnected port C_PORT[46]
WARNING: [Synth 8-3331] design dsp has unconnected port C_PORT[45]
WARNING: [Synth 8-3331] design dsp has unconnected port C_PORT[44]
WARNING: [Synth 8-3331] design dsp has unconnected port C_PORT[43]
WARNING: [Synth 8-3331] design dsp has unconnected port C_PORT[42]
WARNING: [Synth 8-3331] design dsp has unconnected port C_PORT[41]
WARNING: [Synth 8-3331] design dsp has unconnected port C_PORT[40]
WARNING: [Synth 8-3331] design dsp has unconnected port C_PORT[39]
WARNING: [Synth 8-3331] design dsp has unconnected port C_PORT[38]
WARNING: [Synth 8-3331] design dsp has unconnected port C_PORT[37]
WARNING: [Synth 8-3331] design dsp has unconnected port C_PORT[36]
WARNING: [Synth 8-3331] design dsp has unconnected port C_PORT[35]
WARNING: [Synth 8-3331] design dsp has unconnected port C_PORT[34]
WARNING: [Synth 8-3331] design dsp has unconnected port C_PORT[33]
WARNING: [Synth 8-3331] design dsp has unconnected port C_PORT[32]
WARNING: [Synth 8-3331] design dsp has unconnected port C_PORT[31]
WARNING: [Synth 8-3331] design dsp has unconnected port C_PORT[30]
WARNING: [Synth 8-3331] design dsp has unconnected port C_PORT[29]
WARNING: [Synth 8-3331] design dsp has unconnected port C_PORT[28]
WARNING: [Synth 8-3331] design dsp has unconnected port C_PORT[27]
WARNING: [Synth 8-3331] design dsp has unconnected port C_PORT[26]
WARNING: [Synth 8-3331] design dsp has unconnected port C_PORT[25]
WARNING: [Synth 8-3331] design dsp has unconnected port C_PORT[24]
WARNING: [Synth 8-3331] design dsp has unconnected port C_PORT[23]
WARNING: [Synth 8-3331] design dsp has unconnected port C_PORT[22]
WARNING: [Synth 8-3331] design dsp has unconnected port C_PORT[21]
WARNING: [Synth 8-3331] design dsp has unconnected port C_PORT[20]
WARNING: [Synth 8-3331] design dsp has unconnected port C_PORT[19]
WARNING: [Synth 8-3331] design dsp has unconnected port C_PORT[18]
WARNING: [Synth 8-3331] design dsp has unconnected port C_PORT[17]
WARNING: [Synth 8-3331] design dsp has unconnected port C_PORT[16]
WARNING: [Synth 8-3331] design dsp has unconnected port C_PORT[15]
WARNING: [Synth 8-3331] design dsp has unconnected port C_PORT[14]
WARNING: [Synth 8-3331] design dsp has unconnected port C_PORT[13]
WARNING: [Synth 8-3331] design dsp has unconnected port C_PORT[12]
WARNING: [Synth 8-3331] design dsp has unconnected port C_PORT[11]
WARNING: [Synth 8-3331] design dsp has unconnected port C_PORT[10]
WARNING: [Synth 8-3331] design dsp has unconnected port C_PORT[9]
WARNING: [Synth 8-3331] design dsp has unconnected port C_PORT[8]
WARNING: [Synth 8-3331] design dsp has unconnected port C_PORT[7]
WARNING: [Synth 8-3331] design dsp has unconnected port C_PORT[6]
WARNING: [Synth 8-3331] design dsp has unconnected port C_PORT[5]
WARNING: [Synth 8-3331] design dsp has unconnected port C_PORT[4]
WARNING: [Synth 8-3331] design dsp has unconnected port C_PORT[3]
WARNING: [Synth 8-3331] design dsp has unconnected port C_PORT[2]
WARNING: [Synth 8-3331] design dsp has unconnected port C_PORT[1]
WARNING: [Synth 8-3331] design dsp has unconnected port C_PORT[0]
WARNING: [Synth 8-3331] design dsp has unconnected port D_PORT[24]
WARNING: [Synth 8-3331] design dsp has unconnected port D_PORT[23]
WARNING: [Synth 8-3331] design dsp has unconnected port D_PORT[22]
WARNING: [Synth 8-3331] design dsp has unconnected port D_PORT[21]
WARNING: [Synth 8-3331] design dsp has unconnected port D_PORT[20]
WARNING: [Synth 8-3331] design dsp has unconnected port D_PORT[19]
WARNING: [Synth 8-3331] design dsp has unconnected port D_PORT[18]
WARNING: [Synth 8-3331] design dsp has unconnected port D_PORT[17]
WARNING: [Synth 8-3331] design dsp has unconnected port D_PORT[16]
WARNING: [Synth 8-3331] design dsp has unconnected port D_PORT[15]
WARNING: [Synth 8-3331] design dsp has unconnected port D_PORT[14]
WARNING: [Synth 8-3331] design dsp has unconnected port D_PORT[13]
WARNING: [Synth 8-3331] design dsp has unconnected port D_PORT[12]
WARNING: [Synth 8-3331] design dsp has unconnected port D_PORT[11]
WARNING: [Synth 8-3331] design dsp has unconnected port D_PORT[10]
WARNING: [Synth 8-3331] design dsp has unconnected port D_PORT[9]
WARNING: [Synth 8-3331] design dsp has unconnected port D_PORT[8]
WARNING: [Synth 8-3331] design dsp has unconnected port D_PORT[7]
WARNING: [Synth 8-3331] design dsp has unconnected port D_PORT[6]
WARNING: [Synth 8-3331] design dsp has unconnected port D_PORT[5]
WARNING: [Synth 8-3331] design dsp has unconnected port D_PORT[4]
WARNING: [Synth 8-3331] design dsp has unconnected port D_PORT[3]
WARNING: [Synth 8-3331] design dsp has unconnected port D_PORT[2]
WARNING: [Synth 8-3331] design dsp has unconnected port D_PORT[1]
WARNING: [Synth 8-3331] design dsp has unconnected port D_PORT[0]
WARNING: [Synth 8-3331] design dsp has unconnected port SUBTRACT
WARNING: [Synth 8-3331] design dsp has unconnected port CARRY_IN
WARNING: [Synth 8-3331] design dsp has unconnected port PCASC_IN[47]
WARNING: [Synth 8-3331] design dsp has unconnected port PCASC_IN[46]
WARNING: [Synth 8-3331] design dsp has unconnected port PCASC_IN[45]
WARNING: [Synth 8-3331] design dsp has unconnected port PCASC_IN[44]
WARNING: [Synth 8-3331] design dsp has unconnected port PCASC_IN[43]
WARNING: [Synth 8-3331] design dsp has unconnected port PCASC_IN[42]
WARNING: [Synth 8-3331] design dsp has unconnected port PCASC_IN[41]
WARNING: [Synth 8-3331] design dsp has unconnected port PCASC_IN[40]
WARNING: [Synth 8-3331] design dsp has unconnected port PCASC_IN[39]
WARNING: [Synth 8-3331] design dsp has unconnected port PCASC_IN[38]
WARNING: [Synth 8-3331] design dsp has unconnected port PCASC_IN[37]
WARNING: [Synth 8-3331] design dsp has unconnected port PCASC_IN[36]
WARNING: [Synth 8-3331] design dsp has unconnected port PCASC_IN[35]
WARNING: [Synth 8-3331] design dsp has unconnected port PCASC_IN[34]
WARNING: [Synth 8-3331] design dsp has unconnected port PCASC_IN[33]
WARNING: [Synth 8-3331] design dsp has unconnected port PCASC_IN[32]
WARNING: [Synth 8-3331] design dsp has unconnected port PCASC_IN[31]
WARNING: [Synth 8-3331] design dsp has unconnected port PCASC_IN[30]
WARNING: [Synth 8-3331] design dsp has unconnected port PCASC_IN[29]
WARNING: [Synth 8-3331] design dsp has unconnected port PCASC_IN[28]
WARNING: [Synth 8-3331] design dsp has unconnected port PCASC_IN[27]
WARNING: [Synth 8-3331] design dsp has unconnected port PCASC_IN[26]
INFO: [Common 17-14] Message 'Synth 8-3331' appears 100 times and further instances of the messages will be disabled. Use the Tcl command set_msg_config to change the current settings.
---------------------------------------------------------------------------------
Finished RTL Elaboration : Time (s): cpu = 00:00:08 ; elapsed = 00:00:10 . Memory (MB): peak = 522.629 ; gain = 177.180
---------------------------------------------------------------------------------

Report Check Netlist: 
+------+------------------+-------+---------+-------+------------------+
|      |Item              |Errors |Warnings |Status |Description       |
+------+------------------+-------+---------+-------+------------------+
|1     |multi_driven_nets |      0|        0|Passed |Multi driven nets |
+------+------------------+-------+---------+-------+------------------+
---------------------------------------------------------------------------------
Start Handling Custom Attributes
---------------------------------------------------------------------------------
---------------------------------------------------------------------------------
Finished Handling Custom Attributes : Time (s): cpu = 00:00:08 ; elapsed = 00:00:10 . Memory (MB): peak = 522.629 ; gain = 177.180
---------------------------------------------------------------------------------
---------------------------------------------------------------------------------
Finished RTL Optimization Phase 1 : Time (s): cpu = 00:00:08 ; elapsed = 00:00:10 . Memory (MB): peak = 522.629 ; gain = 177.180
---------------------------------------------------------------------------------
INFO: [Device 21-403] Loading part xc7a100tcsg324-1
INFO: [Project 1-570] Preparing netlist for logic optimization

Processing XDC Constraints
Initializing timing engine
Parsing XDC File [g:/Vivado/CPU/CPU.srcs/sources_1/bd/Multiply/ip/Multiply_mult_gen_0_0/Multiply_mult_gen_0_0_ooc.xdc] for cell 'U0'
Finished Parsing XDC File [g:/Vivado/CPU/CPU.srcs/sources_1/bd/Multiply/ip/Multiply_mult_gen_0_0/Multiply_mult_gen_0_0_ooc.xdc] for cell 'U0'
Parsing XDC File [G:/Vivado/CPU/CPU.runs/Multiply_mult_gen_0_0_synth_1/dont_touch.xdc]
Finished Parsing XDC File [G:/Vivado/CPU/CPU.runs/Multiply_mult_gen_0_0_synth_1/dont_touch.xdc]
Completed Processing XDC Constraints

INFO: [Project 1-111] Unisim Transformation Summary:
No Unisim elements were transformed.

Constraint Validation Runtime : Time (s): cpu = 00:00:00 ; elapsed = 00:00:00.021 . Memory (MB): peak = 823.973 ; gain = 1.500
---------------------------------------------------------------------------------
Finished Constraint Validation : Time (s): cpu = 00:00:18 ; elapsed = 00:00:23 . Memory (MB): peak = 823.973 ; gain = 478.523
---------------------------------------------------------------------------------
---------------------------------------------------------------------------------
Start Loading Part and Timing Information
---------------------------------------------------------------------------------
Loading part: xc7a100tcsg324-1
---------------------------------------------------------------------------------
Finished Loading Part and Timing Information : Time (s): cpu = 00:00:18 ; elapsed = 00:00:23 . Memory (MB): peak = 823.973 ; gain = 478.523
---------------------------------------------------------------------------------
---------------------------------------------------------------------------------
Start Applying 'set_property' XDC Constraints
---------------------------------------------------------------------------------
Applied set_property DONT_TOUCH = true for U0. (constraint file  G:/Vivado/CPU/CPU.runs/Multiply_mult_gen_0_0_synth_1/dont_touch.xdc, line 9).
---------------------------------------------------------------------------------
Finished applying 'set_property' XDC Constraints : Time (s): cpu = 00:00:18 ; elapsed = 00:00:23 . Memory (MB): peak = 823.973 ; gain = 478.523
---------------------------------------------------------------------------------
---------------------------------------------------------------------------------
Finished RTL Optimization Phase 2 : Time (s): cpu = 00:00:18 ; elapsed = 00:00:23 . Memory (MB): peak = 823.973 ; gain = 478.523
---------------------------------------------------------------------------------

Report RTL Partitions: 
+-+--------------+------------+----------+
| |RTL Partition |Replication |Instances |
+-+--------------+------------+----------+
+-+--------------+------------+----------+
---------------------------------------------------------------------------------
Start RTL Component Statistics 
---------------------------------------------------------------------------------
---------------------------------------------------------------------------------
Finished RTL Component Statistics 
---------------------------------------------------------------------------------
---------------------------------------------------------------------------------
Start RTL Hierarchical Component Statistics 
---------------------------------------------------------------------------------
---------------------------------------------------------------------------------
Finished RTL Hierarchical Component Statistics
---------------------------------------------------------------------------------
---------------------------------------------------------------------------------
Start Part Resource Summary
---------------------------------------------------------------------------------
Part Resources:
DSPs: 240 (col length:80)
BRAMs: 270 (col length: RAMB18 80 RAMB36 40)
---------------------------------------------------------------------------------
Finished Part Resource Summary
---------------------------------------------------------------------------------
---------------------------------------------------------------------------------
Start Cross Boundary and Area Optimization
---------------------------------------------------------------------------------
Warning: Parallel synthesis criteria is not met 
---------------------------------------------------------------------------------
Finished Cross Boundary and Area Optimization : Time (s): cpu = 00:00:19 ; elapsed = 00:00:24 . Memory (MB): peak = 823.973 ; gain = 478.523
---------------------------------------------------------------------------------

Report RTL Partitions: 
+-+--------------+------------+----------+
| |RTL Partition |Replication |Instances |
+-+--------------+------------+----------+
+-+--------------+------------+----------+
---------------------------------------------------------------------------------
Start Applying XDC Timing Constraints
---------------------------------------------------------------------------------
---------------------------------------------------------------------------------
Finished Applying XDC Timing Constraints : Time (s): cpu = 00:00:33 ; elapsed = 00:00:40 . Memory (MB): peak = 881.035 ; gain = 535.586
---------------------------------------------------------------------------------
---------------------------------------------------------------------------------
Start Timing Optimization
---------------------------------------------------------------------------------
---------------------------------------------------------------------------------
Finished Timing Optimization : Time (s): cpu = 00:00:33 ; elapsed = 00:00:40 . Memory (MB): peak = 881.328 ; gain = 535.879
---------------------------------------------------------------------------------

Report RTL Partitions: 
+-+--------------+------------+----------+
| |RTL Partition |Replication |Instances |
+-+--------------+------------+----------+
+-+--------------+------------+----------+
---------------------------------------------------------------------------------
Start Technology Mapping
---------------------------------------------------------------------------------
---------------------------------------------------------------------------------
Finished Technology Mapping : Time (s): cpu = 00:00:33 ; elapsed = 00:00:40 . Memory (MB): peak = 884.918 ; gain = 539.469
---------------------------------------------------------------------------------

Report RTL Partitions: 
+-+--------------+------------+----------+
| |RTL Partition |Replication |Instances |
+-+--------------+------------+----------+
+-+--------------+------------+----------+
---------------------------------------------------------------------------------
Start IO Insertion
---------------------------------------------------------------------------------
---------------------------------------------------------------------------------
Start Flattening Before IO Insertion
---------------------------------------------------------------------------------
---------------------------------------------------------------------------------
Finished Flattening Before IO Insertion
---------------------------------------------------------------------------------
---------------------------------------------------------------------------------
Start Final Netlist Cleanup
---------------------------------------------------------------------------------
---------------------------------------------------------------------------------
Finished Final Netlist Cleanup
---------------------------------------------------------------------------------
---------------------------------------------------------------------------------
Finished IO Insertion : Time (s): cpu = 00:00:35 ; elapsed = 00:00:41 . Memory (MB): peak = 886.043 ; gain = 540.594
---------------------------------------------------------------------------------

Report Check Netlist: 
+------+------------------+-------+---------+-------+------------------+
|      |Item              |Errors |Warnings |Status |Description       |
+------+------------------+-------+---------+-------+------------------+
|1     |multi_driven_nets |      0|        0|Passed |Multi driven nets |
+------+------------------+-------+---------+-------+------------------+
---------------------------------------------------------------------------------
Start Renaming Generated Instances
---------------------------------------------------------------------------------
---------------------------------------------------------------------------------
Finished Renaming Generated Instances : Time (s): cpu = 00:00:35 ; elapsed = 00:00:41 . Memory (MB): peak = 886.043 ; gain = 540.594
---------------------------------------------------------------------------------

Report RTL Partitions: 
+-+--------------+------------+----------+
| |RTL Partition |Replication |Instances |
+-+--------------+------------+----------+
+-+--------------+------------+----------+
---------------------------------------------------------------------------------
Start Rebuilding User Hierarchy
---------------------------------------------------------------------------------
---------------------------------------------------------------------------------
Finished Rebuilding User Hierarchy : Time (s): cpu = 00:00:35 ; elapsed = 00:00:41 . Memory (MB): peak = 886.043 ; gain = 540.594
---------------------------------------------------------------------------------
---------------------------------------------------------------------------------
Start Renaming Generated Ports
---------------------------------------------------------------------------------
---------------------------------------------------------------------------------
Finished Renaming Generated Ports : Time (s): cpu = 00:00:35 ; elapsed = 00:00:41 . Memory (MB): peak = 886.043 ; gain = 540.594
---------------------------------------------------------------------------------
---------------------------------------------------------------------------------
Start Handling Custom Attributes
---------------------------------------------------------------------------------
---------------------------------------------------------------------------------
Finished Handling Custom Attributes : Time (s): cpu = 00:00:35 ; elapsed = 00:00:41 . Memory (MB): peak = 886.043 ; gain = 540.594
---------------------------------------------------------------------------------
---------------------------------------------------------------------------------
Start Renaming Generated Nets
---------------------------------------------------------------------------------
---------------------------------------------------------------------------------
Finished Renaming Generated Nets : Time (s): cpu = 00:00:35 ; elapsed = 00:00:41 . Memory (MB): peak = 886.043 ; gain = 540.594
---------------------------------------------------------------------------------
---------------------------------------------------------------------------------
Start Writing Synthesis Report
---------------------------------------------------------------------------------

Report BlackBoxes: 
+-+--------------+----------+
| |BlackBox name |Instances |
+-+--------------+----------+
+-+--------------+----------+

Report Cell Usage: 
+------+----------+------+
|      |Cell      |Count |
+------+----------+------+
|1     |DSP48E1_1 |     1|
+------+----------+------+
---------------------------------------------------------------------------------
Finished Writing Synthesis Report : Time (s): cpu = 00:00:35 ; elapsed = 00:00:41 . Memory (MB): peak = 886.043 ; gain = 540.594
---------------------------------------------------------------------------------
Synthesis finished with 0 errors, 0 critical warnings and 2 warnings.
Synthesis Optimization Runtime : Time (s): cpu = 00:00:20 ; elapsed = 00:00:31 . Memory (MB): peak = 886.047 ; gain = 239.254
Synthesis Optimization Complete : Time (s): cpu = 00:00:35 ; elapsed = 00:00:41 . Memory (MB): peak = 886.047 ; gain = 540.598
INFO: [Project 1-571] Translating synthesized netlist
INFO: [Netlist 29-17] Analyzing 1 Unisim elements for replacement
INFO: [Netlist 29-28] Unisim Transformation completed in 0 CPU seconds
INFO: [Project 1-570] Preparing netlist for logic optimization
INFO: [Opt 31-138] Pushed 0 inverter(s) to 0 load pin(s).
INFO: [Project 1-111] Unisim Transformation Summary:
No Unisim elements were transformed.

INFO: [Common 17-83] Releasing license: Synthesis
16 Infos, 104 Warnings, 0 Critical Warnings and 0 Errors encountered.
synth_design completed successfully
synth_design: Time (s): cpu = 00:00:37 ; elapsed = 00:00:44 . Memory (MB): peak = 886.047 ; gain = 552.066
WARNING: [Constraints 18-5210] No constraint will be written out.
INFO: [Common 17-1381] The checkpoint 'G:/Vivado/CPU/CPU.runs/Multiply_mult_gen_0_0_synth_1/Multiply_mult_gen_0_0.dcp' has been generated.
