INFO: [VRFC 10-2263] Analyzing Verilog file "C:/Users/84546/Desktop/CPU/CPU.ip_user_files/bd/MCU_mem/ip/MCU_mem_dist_mem_gen_0_1/sim/MCU_mem_dist_mem_gen_0_1.v" into library xil_defaultlib
INFO: [VRFC 10-311] analyzing module MCU_mem_dist_mem_gen_0_1
INFO: [VRFC 10-2263] Analyzing Verilog file "C:/Users/84546/Desktop/CPU/CPU.srcs/sources_1/ip/clk_wiz_1/clk_wiz_1_clk_wiz.v" into library xil_defaultlib
INFO: [VRFC 10-311] analyzing module clk_wiz_1_clk_wiz
INFO: [VRFC 10-2263] Analyzing Verilog file "C:/Users/84546/Desktop/CPU/CPU.srcs/sources_1/ip/clk_wiz_1/clk_wiz_1.v" into library xil_defaultlib
INFO: [VRFC 10-311] analyzing module clk_wiz_1
INFO: [VRFC 10-2263] Analyzing Verilog file "C:/Users/84546/Desktop/CPU/CPU.ip_user_files/bd/ram/ip/ram_dist_mem_gen_1_0/sim/ram_dist_mem_gen_1_0.v" into library xil_defaultlib
INFO: [VRFC 10-311] analyzing module ram_dist_mem_gen_1_0
INFO: [VRFC 10-2263] Analyzing Verilog file "C:/Users/84546/Desktop/CPU/CPU.srcs/sources_1/new/top_design.v" into library xil_defaultlib
INFO: [VRFC 10-311] analyzing module top_design
INFO: [VRFC 10-2263] Analyzing Verilog file "C:/Users/84546/Desktop/CPU/CPU.ip_user_files/bd/MCU_mem/sim/MCU_mem.v" into library xil_defaultlib
INFO: [VRFC 10-311] analyzing module MCU_mem
INFO: [VRFC 10-2263] Analyzing Verilog file "C:/Users/84546/Desktop/CPU/CPU.ip_user_files/bd/Multiply/sim/Multiply.v" into library xil_defaultlib
INFO: [VRFC 10-311] analyzing module Multiply
INFO: [VRFC 10-2263] Analyzing Verilog file "C:/Users/84546/Desktop/CPU/CPU.ip_user_files/bd/ram/sim/ram.v" into library xil_defaultlib
INFO: [VRFC 10-311] analyzing module ram
INFO: [VRFC 10-2263] Analyzing Verilog file "C:/Users/84546/Desktop/CPU/CPU.srcs/sources_1/new/ALU.v" into library xil_defaultlib
INFO: [VRFC 10-311] analyzing module ALU
INFO: [VRFC 10-2263] Analyzing Verilog file "C:/Users/84546/Desktop/CPU/CPU.srcs/sources_1/new/ALU_flag_generator.v" into library xil_defaultlib
INFO: [VRFC 10-311] analyzing module ALU_flag_generator
INFO: [VRFC 10-2263] Analyzing Verilog file "C:/Users/84546/Desktop/CPU/CPU.srcs/sources_1/new/CPU.v" into library xil_defaultlib
INFO: [VRFC 10-311] analyzing module CPU
INFO: [VRFC 10-2263] Analyzing Verilog file "C:/Users/84546/Desktop/CPU/CPU.srcs/sources_1/new/MCU.v" into library xil_defaultlib
INFO: [VRFC 10-311] analyzing module MCU
INFO: [VRFC 10-2263] Analyzing Verilog file "C:/Users/84546/Desktop/CPU/CPU.srcs/sources_1/bd/MCU_mem/hdl/MCU_mem_wrapper.v" into library xil_defaultlib
INFO: [VRFC 10-311] analyzing module MCU_mem_wrapper
INFO: [VRFC 10-2263] Analyzing Verilog file "C:/Users/84546/Desktop/CPU/CPU.srcs/sources_1/bd/Multiply/hdl/Multiply_wrapper.v" into library xil_defaultlib
INFO: [VRFC 10-311] analyzing module Multiply_wrapper
INFO: [VRFC 10-2263] Analyzing Verilog file "C:/Users/84546/Desktop/CPU/CPU.srcs/sources_1/bd/ram/hdl/ram_wrapper.v" into library xil_defaultlib
INFO: [VRFC 10-311] analyzing module ram_wrapper
INFO: [VRFC 10-2263] Analyzing Verilog file "C:/Users/84546/Desktop/CPU/CPU.srcs/sim_1/new/Test_top.v" into library xil_defaultlib
INFO: [VRFC 10-311] analyzing module Test_top
INFO: [VRFC 10-2263] Analyzing Verilog file "C:/Users/84546/Desktop/CPU/CPU.srcs/sim_1/new/mutiply_Test.v" into library xil_defaultlib
INFO: [VRFC 10-311] analyzing module mutiply_Test
